<?xml version="1.0" encoding="UTF-8"?>
<!-- Generated by org.testng.reporters.JUnitReportReporter -->
<testsuite hostname="DESKTOP-1GA31I8" name="testngconcepts.BaseTest" tests="1" failures="0" timestamp="23 Jul 2021 21:18:43 GMT" time="17.038" errors="0">
  <testcase name="setup" time="17.038" classname="testngconcepts.BaseTest"/>
</testsuite> <!-- testngconcepts.BaseTest -->
