<?xml version="1.0" encoding="UTF-8"?>
<!-- Generated by org.testng.reporters.JUnitReportReporter -->
<testsuite hostname="DESKTOP-1GA31I8" name="datadrivenframework.TestLoginLogout" tests="2" failures="0" timestamp="29 Jul 2021 22:09:38 GMT" time="16.183" errors="0">
  <testcase name="testlogin" time="7.893" classname="datadrivenframework.TestLoginLogout"/>
  <testcase name="testlogin" time="8.290" classname="datadrivenframework.TestLoginLogout"/>
</testsuite> <!-- datadrivenframework.TestLoginLogout -->
