<?xml version="1.0" encoding="UTF-8"?>
<!-- Generated by org.testng.reporters.JUnitReportReporter -->
<testsuite hostname="DESKTOP-1GA31I8" name="testngconcepts.GoogleSearch" tests="2" failures="0" timestamp="23 Jul 2021 21:29:56 GMT" time="23.396" errors="0">
  <testcase name="test1" time="9.945" classname="testngconcepts.GoogleSearch"/>
  <testcase name="setup" time="13.451" classname="testngconcepts.GoogleSearch"/>
</testsuite> <!-- testngconcepts.GoogleSearch -->
